{"C:\\Users\\postd\\OneDrive\\Desktop\\reignapp\\server\\models\\blogs.js": {"path":"C:\\Users\\postd\\OneDrive\\Desktop\\reignapp\\server\\models\\blogs.js","statementMap":{"0":{"start":{"line":1,"column":17},"end":{"line":1,"column":36}},"1":{"start":{"line":2,"column":24},"end":{"line":2,"column":60}},"2":{"start":{"line":4,"column":19},"end":{"line":37,"column":2}},"3":{"start":{"line":39,"column":0},"end":{"line":39,"column":34}},"4":{"start":{"line":42,"column":0},"end":{"line":49,"column":2}},"5":{"start":{"line":44,"column":8},"end":{"line":44,"column":57}},"6":{"start":{"line":45,"column":8},"end":{"line":45,"column":37}},"7":{"start":{"line":46,"column":8},"end":{"line":46,"column":33}},"8":{"start":{"line":47,"column":8},"end":{"line":47,"column":33}},"9":{"start":{"line":51,"column":13},"end":{"line":51,"column":48}},"10":{"start":{"line":53,"column":0},"end":{"line":53,"column":21}}},"fnMap":{"0":{"name":"(anonymous_0)","decl":{"start":{"line":43,"column":15},"end":{"line":43,"column":16}},"loc":{"start":{"line":43,"column":45},"end":{"line":48,"column":5}},"line":43}},"branchMap":{},"s":{"0":1,"1":1,"2":1,"3":1,"4":1,"5":0,"6":0,"7":0,"8":0,"9":1,"10":1},"f":{"0":0},"b":{},"_coverageSchema":"1a1c01bbd47fc00a2c39e90264f33305004495a9","hash":"6f0bfcb6db14ec75f4ce87fff4cb6b4072905eab"}
,"C:\\Users\\postd\\OneDrive\\Desktop\\reignapp\\server\\utils\\config.js": {"path":"C:\\Users\\postd\\OneDrive\\Desktop\\reignapp\\server\\utils\\config.js","statementMap":{"0":{"start":{"line":1,"column":0},"end":{"line":1,"column":26}},"1":{"start":{"line":8,"column":4},"end":{"line":8,"column":15}},"2":{"start":{"line":12,"column":0},"end":{"line":18,"column":1}}},"fnMap":{},"branchMap":{},"s":{"0":1,"1":1,"2":1},"f":{},"b":{},"_coverageSchema":"1a1c01bbd47fc00a2c39e90264f33305004495a9","hash":"9b27262e0f149b38d5aa2b5da149764a62fa266a"}
,"C:\\Users\\postd\\OneDrive\\Desktop\\reignapp\\server\\utils\\getBlogs.js": {"path":"C:\\Users\\postd\\OneDrive\\Desktop\\reignapp\\server\\utils\\getBlogs.js","statementMap":{"0":{"start":{"line":1,"column":15},"end":{"line":1,"column":34}},"1":{"start":{"line":2,"column":14},"end":{"line":2,"column":30}},"2":{"start":{"line":3,"column":17},"end":{"line":3,"column":36}},"3":{"start":{"line":4,"column":13},"end":{"line":4,"column":39}},"4":{"start":{"line":6,"column":18},"end":{"line":14,"column":1}},"5":{"start":{"line":8,"column":4},"end":{"line":13,"column":10}},"6":{"start":{"line":9,"column":22},"end":{"line":9,"column":68}},"7":{"start":{"line":10,"column":21},"end":{"line":10,"column":63}},"8":{"start":{"line":11,"column":63},"end":{"line":11,"column":75}},"9":{"start":{"line":12,"column":8},"end":{"line":12,"column":107}},"10":{"start":{"line":16,"column":19},"end":{"line":23,"column":1}},"11":{"start":{"line":18,"column":4},"end":{"line":22,"column":6}},"12":{"start":{"line":19,"column":8},"end":{"line":19,"column":65}},"13":{"start":{"line":19,"column":57},"end":{"line":19,"column":65}},"14":{"start":{"line":20,"column":8},"end":{"line":20,"column":66}},"15":{"start":{"line":20,"column":57},"end":{"line":20,"column":66}},"16":{"start":{"line":21,"column":8},"end":{"line":21,"column":16}},"17":{"start":{"line":25,"column":23},"end":{"line":30,"column":1}},"18":{"start":{"line":27,"column":4},"end":{"line":29,"column":6}},"19":{"start":{"line":28,"column":8},"end":{"line":28,"column":79}},"20":{"start":{"line":32,"column":22},"end":{"line":50,"column":1}},"21":{"start":{"line":36,"column":19},"end":{"line":36,"column":35}},"22":{"start":{"line":38,"column":23},"end":{"line":38,"column":45}},"23":{"start":{"line":40,"column":4},"end":{"line":49,"column":6}},"24":{"start":{"line":41,"column":8},"end":{"line":48,"column":9}},"25":{"start":{"line":42,"column":12},"end":{"line":43,"column":61}},"26":{"start":{"line":42,"column":88},"end":{"line":42,"column":111}},"27":{"start":{"line":43,"column":17},"end":{"line":43,"column":61}},"28":{"start":{"line":46,"column":12},"end":{"line":47,"column":65}},"29":{"start":{"line":46,"column":64},"end":{"line":46,"column":91}},"30":{"start":{"line":47,"column":17},"end":{"line":47,"column":65}},"31":{"start":{"line":52,"column":16},"end":{"line":62,"column":1}},"32":{"start":{"line":53,"column":4},"end":{"line":53,"column":47}},"33":{"start":{"line":54,"column":4},"end":{"line":54,"column":17}},"34":{"start":{"line":56,"column":18},"end":{"line":56,"column":48}},"35":{"start":{"line":58,"column":23},"end":{"line":58,"column":55}},"36":{"start":{"line":60,"column":27},"end":{"line":60,"column":58}},"37":{"start":{"line":61,"column":4},"end":{"line":61,"column":25}},"38":{"start":{"line":64,"column":19},"end":{"line":68,"column":1}},"39":{"start":{"line":66,"column":18},"end":{"line":66,"column":33}},"40":{"start":{"line":67,"column":4},"end":{"line":67,"column":70}},"41":{"start":{"line":70,"column":0},"end":{"line":77,"column":1}}},"fnMap":{"0":{"name":"(anonymous_0)","decl":{"start":{"line":6,"column":18},"end":{"line":6,"column":19}},"loc":{"start":{"line":6,"column":33},"end":{"line":14,"column":1}},"line":6},"1":{"name":"(anonymous_1)","decl":{"start":{"line":8,"column":39},"end":{"line":8,"column":40}},"loc":{"start":{"line":8,"column":70},"end":{"line":13,"column":5}},"line":8},"2":{"name":"(anonymous_2)","decl":{"start":{"line":16,"column":19},"end":{"line":16,"column":20}},"loc":{"start":{"line":16,"column":34},"end":{"line":23,"column":1}},"line":16},"3":{"name":"(anonymous_3)","decl":{"start":{"line":18,"column":26},"end":{"line":18,"column":27}},"loc":{"start":{"line":18,"column":36},"end":{"line":22,"column":5}},"line":18},"4":{"name":"(anonymous_4)","decl":{"start":{"line":25,"column":23},"end":{"line":25,"column":24}},"loc":{"start":{"line":25,"column":33},"end":{"line":30,"column":1}},"line":25},"5":{"name":"(anonymous_5)","decl":{"start":{"line":27,"column":23},"end":{"line":27,"column":24}},"loc":{"start":{"line":27,"column":87},"end":{"line":29,"column":5}},"line":27},"6":{"name":"(anonymous_6)","decl":{"start":{"line":32,"column":22},"end":{"line":32,"column":23}},"loc":{"start":{"line":32,"column":30},"end":{"line":50,"column":1}},"line":32},"7":{"name":"(anonymous_7)","decl":{"start":{"line":40,"column":29},"end":{"line":40,"column":30}},"loc":{"start":{"line":40,"column":60},"end":{"line":49,"column":5}},"line":40},"8":{"name":"(anonymous_8)","decl":{"start":{"line":52,"column":16},"end":{"line":52,"column":17}},"loc":{"start":{"line":52,"column":28},"end":{"line":62,"column":1}},"line":52},"9":{"name":"(anonymous_9)","decl":{"start":{"line":64,"column":19},"end":{"line":64,"column":20}},"loc":{"start":{"line":64,"column":31},"end":{"line":68,"column":1}},"line":64}},"branchMap":{"0":{"loc":{"start":{"line":9,"column":22},"end":{"line":9,"column":68}},"type":"binary-expr","locations":[{"start":{"line":9,"column":22},"end":{"line":9,"column":46}},{"start":{"line":9,"column":50},"end":{"line":9,"column":68}}],"line":9},"1":{"loc":{"start":{"line":10,"column":21},"end":{"line":10,"column":63}},"type":"binary-expr","locations":[{"start":{"line":10,"column":21},"end":{"line":10,"column":37}},{"start":{"line":10,"column":41},"end":{"line":10,"column":63}}],"line":10},"2":{"loc":{"start":{"line":19,"column":8},"end":{"line":19,"column":65}},"type":"if","locations":[{"start":{"line":19,"column":8},"end":{"line":19,"column":65}},{"start":{"line":19,"column":8},"end":{"line":19,"column":65}}],"line":19},"3":{"loc":{"start":{"line":20,"column":8},"end":{"line":20,"column":66}},"type":"if","locations":[{"start":{"line":20,"column":8},"end":{"line":20,"column":66}},{"start":{"line":20,"column":8},"end":{"line":20,"column":66}}],"line":20},"4":{"loc":{"start":{"line":28,"column":15},"end":{"line":28,"column":79}},"type":"binary-expr","locations":[{"start":{"line":28,"column":15},"end":{"line":28,"column":20}},{"start":{"line":28,"column":24},"end":{"line":28,"column":30}},{"start":{"line":28,"column":34},"end":{"line":28,"column":37}},{"start":{"line":28,"column":41},"end":{"line":28,"column":49}},{"start":{"line":28,"column":53},"end":{"line":28,"column":63}},{"start":{"line":28,"column":67},"end":{"line":28,"column":79}}],"line":28},"5":{"loc":{"start":{"line":41,"column":8},"end":{"line":48,"column":9}},"type":"if","locations":[{"start":{"line":41,"column":8},"end":{"line":48,"column":9}},{"start":{"line":41,"column":8},"end":{"line":48,"column":9}}],"line":41},"6":{"loc":{"start":{"line":42,"column":12},"end":{"line":43,"column":61}},"type":"if","locations":[{"start":{"line":42,"column":12},"end":{"line":43,"column":61}},{"start":{"line":42,"column":12},"end":{"line":43,"column":61}}],"line":42},"7":{"loc":{"start":{"line":46,"column":12},"end":{"line":47,"column":65}},"type":"if","locations":[{"start":{"line":46,"column":12},"end":{"line":47,"column":65}},{"start":{"line":46,"column":12},"end":{"line":47,"column":65}}],"line":46}},"s":{"0":1,"1":1,"2":1,"3":1,"4":1,"5":2,"6":4,"7":4,"8":4,"9":4,"10":1,"11":2,"12":20,"13":9,"14":11,"15":6,"16":5,"17":1,"18":2,"19":16,"20":1,"21":1,"22":1,"23":1,"24":5,"25":4,"26":4,"27":0,"28":1,"29":1,"30":0,"31":1,"32":0,"33":0,"34":0,"35":0,"36":0,"37":0,"38":1,"39":0,"40":0,"41":1},"f":{"0":2,"1":4,"2":2,"3":20,"4":2,"5":16,"6":1,"7":5,"8":0,"9":0},"b":{"0":[4,0],"1":[4,4],"2":[9,11],"3":[6,5],"4":[16,15,14,13,12,11],"5":[4,1],"6":[4,0],"7":[1,0]},"_coverageSchema":"1a1c01bbd47fc00a2c39e90264f33305004495a9","hash":"82fea3ce114acffe1a91632ef1a4005f9bdd50e5"}
,"C:\\Users\\postd\\OneDrive\\Desktop\\reignapp\\server\\utils\\logger.js": {"path":"C:\\Users\\postd\\OneDrive\\Desktop\\reignapp\\server\\utils\\logger.js","statementMap":{"0":{"start":{"line":1,"column":13},"end":{"line":3,"column":1}},"1":{"start":{"line":2,"column":4},"end":{"line":2,"column":26}},"2":{"start":{"line":5,"column":14},"end":{"line":7,"column":1}},"3":{"start":{"line":6,"column":4},"end":{"line":6,"column":28}},"4":{"start":{"line":9,"column":0},"end":{"line":12,"column":1}}},"fnMap":{"0":{"name":"(anonymous_0)","decl":{"start":{"line":1,"column":13},"end":{"line":1,"column":14}},"loc":{"start":{"line":1,"column":28},"end":{"line":3,"column":1}},"line":1},"1":{"name":"(anonymous_1)","decl":{"start":{"line":5,"column":14},"end":{"line":5,"column":15}},"loc":{"start":{"line":5,"column":29},"end":{"line":7,"column":1}},"line":5}},"branchMap":{},"s":{"0":1,"1":0,"2":1,"3":0,"4":1},"f":{"0":0,"1":0},"b":{},"_coverageSchema":"1a1c01bbd47fc00a2c39e90264f33305004495a9","hash":"f8cbd9f6db87187cde8d466f7126d74e502220e5"}
}
