TN:
SF:models\blogs.js
FN:43,(anonymous_0)
FNF:1
FNH:0
FNDA:0,(anonymous_0)
DA:1,1
DA:2,1
DA:4,1
DA:39,1
DA:42,1
DA:44,0
DA:45,0
DA:46,0
DA:47,0
DA:51,1
DA:53,1
LF:11
LH:7
BRF:0
BRH:0
end_of_record
TN:
SF:utils\config.js
FNF:0
FNH:0
DA:1,1
DA:8,1
DA:12,1
LF:3
LH:3
BRF:0
BRH:0
end_of_record
TN:
SF:utils\getBlogs.js
FN:6,(anonymous_0)
FN:8,(anonymous_1)
FN:16,(anonymous_2)
FN:18,(anonymous_3)
FN:25,(anonymous_4)
FN:27,(anonymous_5)
FN:32,(anonymous_6)
FN:40,(anonymous_7)
FN:52,(anonymous_8)
FN:64,(anonymous_9)
FNF:10
FNH:8
FNDA:2,(anonymous_0)
FNDA:4,(anonymous_1)
FNDA:2,(anonymous_2)
FNDA:20,(anonymous_3)
FNDA:2,(anonymous_4)
FNDA:16,(anonymous_5)
FNDA:1,(anonymous_6)
FNDA:5,(anonymous_7)
FNDA:0,(anonymous_8)
FNDA:0,(anonymous_9)
DA:1,1
DA:2,1
DA:3,1
DA:4,1
DA:6,1
DA:8,2
DA:9,4
DA:10,4
DA:11,4
DA:12,4
DA:16,1
DA:18,2
DA:19,20
DA:20,11
DA:21,5
DA:25,1
DA:27,2
DA:28,16
DA:32,1
DA:36,1
DA:38,1
DA:40,1
DA:41,5
DA:42,4
DA:43,0
DA:46,1
DA:47,0
DA:52,1
DA:53,0
DA:54,0
DA:56,0
DA:58,0
DA:60,0
DA:61,0
DA:64,1
DA:66,0
DA:67,0
DA:70,1
LF:38
LH:28
BRDA:9,0,0,4
BRDA:9,0,1,0
BRDA:10,1,0,4
BRDA:10,1,1,4
BRDA:19,2,0,9
BRDA:19,2,1,11
BRDA:20,3,0,6
BRDA:20,3,1,5
BRDA:28,4,0,16
BRDA:28,4,1,15
BRDA:28,4,2,14
BRDA:28,4,3,13
BRDA:28,4,4,12
BRDA:28,4,5,11
BRDA:41,5,0,4
BRDA:41,5,1,1
BRDA:42,6,0,4
BRDA:42,6,1,0
BRDA:46,7,0,1
BRDA:46,7,1,0
BRF:20
BRH:17
end_of_record
TN:
SF:utils\logger.js
FN:1,(anonymous_0)
FN:5,(anonymous_1)
FNF:2
FNH:0
FNDA:0,(anonymous_0)
FNDA:0,(anonymous_1)
DA:1,1
DA:2,0
DA:5,1
DA:6,0
DA:9,1
LF:5
LH:3
BRF:0
BRH:0
end_of_record
